[debug] [2022-12-18T01:30:34.008Z] ----------------------------------------------------------------------
[debug] [2022-12-18T01:30:34.009Z] Command:       /usr/local/bin/node /usr/local/bin/firebase init
[debug] [2022-12-18T01:30:34.009Z] CLI Version:   11.18.0
[debug] [2022-12-18T01:30:34.009Z] Platform:      darwin
[debug] [2022-12-18T01:30:34.010Z] Node Version:  v16.13.1
[debug] [2022-12-18T01:30:34.010Z] Time:          Sat Dec 17 2022 20:30:34 GMT-0500 (Eastern Standard Time)
[debug] [2022-12-18T01:30:34.010Z] ----------------------------------------------------------------------
[debug] 
[debug] [2022-12-18T01:30:34.014Z] > command requires scopes: ["email","openid","https://www.googleapis.com/auth/cloudplatformprojects.readonly","https://www.googleapis.com/auth/firebase","https://www.googleapis.com/auth/cloud-platform"]
[debug] [2022-12-18T01:30:34.014Z] > authorizing via signed-in user (kferacho64@gmail.com)
[info] 
     ######## #### ########  ######## ########     ###     ######  ########
     ##        ##  ##     ## ##       ##     ##  ##   ##  ##       ##
     ######    ##  ########  ######   ########  #########  ######  ######
     ##        ##  ##    ##  ##       ##     ## ##     ##       ## ##
     ##       #### ##     ## ######## ########  ##     ##  ######  ########

You're about to initialize a Firebase project in this directory:

  /Users/kamalferacho/Documents/K&M/kandm/src

[info] 
=== Project Setup
[info] 
[info] First, let's associate this project directory with a Firebase project.
[info] You can create multiple project aliases by running firebase use --add, 
[info] but for now we'll just set up a default project.
[info] 
[debug] [2022-12-18T01:30:59.352Z] > refreshing access token with scopes: []
[debug] [2022-12-18T01:30:59.353Z] >>> [apiv2][query] POST https://www.googleapis.com/oauth2/v3/token [none]
[debug] [2022-12-18T01:30:59.353Z] >>> [apiv2][body] POST https://www.googleapis.com/oauth2/v3/token [omitted]
[debug] [2022-12-18T01:30:59.489Z] <<< [apiv2][status] POST https://www.googleapis.com/oauth2/v3/token 200
[debug] [2022-12-18T01:30:59.489Z] <<< [apiv2][body] POST https://www.googleapis.com/oauth2/v3/token [omitted]
[debug] [2022-12-18T01:30:59.533Z] >>> [apiv2][query] GET https://firebase.googleapis.com/v1beta1/projects pageSize=100
[debug] [2022-12-18T01:30:59.961Z] <<< [apiv2][status] GET https://firebase.googleapis.com/v1beta1/projects 200
[debug] [2022-12-18T01:30:59.961Z] <<< [apiv2][body] GET https://firebase.googleapis.com/v1beta1/projects [omitted]
[info] i  Using project k-m-restoration (K-M-RESTORATION) 
[info] 
=== Hosting Setup
[info] 
[info] Your public directory is the folder (relative to your project directory) that
[info] will contain Hosting assets to be uploaded with firebase deploy. If you
[info] have a build process for your assets, use your build's output directory.
[info] 
[info] ✔  Wrote public/404.html 
[debug] [2022-12-18T01:31:41.049Z] >>> [apiv2][query] GET https://www.gstatic.com/firebasejs/releases.json [none]
[debug] [2022-12-18T01:31:41.170Z] <<< [apiv2][status] GET https://www.gstatic.com/firebasejs/releases.json 200
[debug] [2022-12-18T01:31:41.171Z] <<< [apiv2][body] GET https://www.gstatic.com/firebasejs/releases.json {"current":{"version":"9.15.0","browserURL":"https://www.gstatic.com/firebasejs/9.15.0/firebase.js","packageURL":"https://www.gstatic.com/firebasejs/9.15.0/firebase.tgz"},"live":{"version":"9.15","browserURL":"https://www.gstatic.com/firebasejs/live/9.15/firebase.js","packageURL":"https://www.gstatic.com/firebasejs/live/9.15/firebase.tgz"},"components":{"analytics":"https://www.gstatic.com/firebasejs/9.15.0/firebase-analytics.js","app":"https://www.gstatic.com/firebasejs/9.15.0/firebase-app.js","app-check":"https://www.gstatic.com/firebasejs/9.15.0/firebase-app-check.js","auth":"https://www.gstatic.com/firebasejs/9.15.0/firebase-auth.js","auth/cordova":"https://www.gstatic.com/firebasejs/9.15.0/firebase-auth/cordova.js","auth/react-native":"https://www.gstatic.com/firebasejs/9.15.0/firebase-auth/react-native.js","functions":"https://www.gstatic.com/firebasejs/9.15.0/firebase-functions.js","firestore":"https://www.gstatic.com/firebasejs/9.15.0/firebase-firestore.js","firestore/lite":"https://www.gstatic.com/firebasejs/9.15.0/firebase-firestore/lite.js","installations":"https://www.gstatic.com/firebasejs/9.15.0/firebase-installations.js","storage":"https://www.gstatic.com/firebasejs/9.15.0/firebase-storage.js","performance":"https://www.gstatic.com/firebasejs/9.15.0/firebase-performance.js","remote-config":"https://www.gstatic.com/firebasejs/9.15.0/firebase-remote-config.js","messaging":"https://www.gstatic.com/firebasejs/9.15.0/firebase-messaging.js","messaging/sw":"https://www.gstatic.com/firebasejs/9.15.0/firebase-messaging/sw.js","database":"https://www.gstatic.com/firebasejs/9.15.0/firebase-database.js","firestore.memory":"https://www.gstatic.com/firebasejs/9.15.0/firebase-firestore.memory.js"}}
[info] ✔  Wrote public/index.html 
[info] 
[info] i  Detected a .git folder at /Users/kamalferacho/Documents/K&M/kandm 
[info] i  Authorizing with GitHub to upload your service account to a GitHub repository's secrets store. 
[info] 
[info] Visit this URL on this device to log in:
[info] https://github.com/login/oauth/authorize?client_id=89cf50f02ac6aaed3484&state=689133835&redirect_uri=http%3A%2F%2Flocalhost%3A9005&scope=read%3Auser%20repo%20public_repo
[info] 
[info] Waiting for authentication...
[debug] [2022-12-18T01:32:08.787Z] >>> [apiv2][query] POST https://github.com/login/oauth/access_token [none]
[debug] [2022-12-18T01:32:08.788Z] >>> [apiv2][body] POST https://github.com/login/oauth/access_token [stream]
[debug] [2022-12-18T01:32:09.032Z] <<< [apiv2][status] POST https://github.com/login/oauth/access_token 200
[debug] [2022-12-18T01:32:09.032Z] <<< [apiv2][body] POST https://github.com/login/oauth/access_token {"access_token":"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","token_type":"bearer","scope":"read:user,repo"}
[debug] [2022-12-18T01:32:09.045Z] >>> [apiv2][query] GET https://api.github.com/user [none]
[debug] [2022-12-18T01:32:09.300Z] <<< [apiv2][status] GET https://api.github.com/user 200
[debug] [2022-12-18T01:32:09.300Z] <<< [apiv2][body] GET https://api.github.com/user {"login":"kferacho3","id":78626761,"node_id":"MDQ6VXNlcjc4NjI2NzYx","avatar_url":"https://avatars.githubusercontent.com/u/78626761?v=4","gravatar_id":"","url":"https://api.github.com/users/kferacho3","html_url":"https://github.com/kferacho3","followers_url":"https://api.github.com/users/kferacho3/followers","following_url":"https://api.github.com/users/kferacho3/following{/other_user}","gists_url":"https://api.github.com/users/kferacho3/gists{/gist_id}","starred_url":"https://api.github.com/users/kferacho3/starred{/owner}{/repo}","subscriptions_url":"https://api.github.com/users/kferacho3/subscriptions","organizations_url":"https://api.github.com/users/kferacho3/orgs","repos_url":"https://api.github.com/users/kferacho3/repos","events_url":"https://api.github.com/users/kferacho3/events{/privacy}","received_events_url":"https://api.github.com/users/kferacho3/received_events","type":"User","site_admin":false,"name":null,"company":null,"blog":"","location":"USA","email":null,"hireable":null,"bio":null,"twitter_username":null,"public_repos":6,"public_gists":0,"followers":0,"following":1,"created_at":"2021-02-06T00:31:11Z","updated_at":"2022-10-27T16:34:09Z","private_gists":0,"total_private_repos":3,"owned_private_repos":2,"disk_usage":1076975,"collaborators":1,"two_factor_authentication":false,"plan":{"name":"free","space":976562499,"collaborators":0,"private_repos":10000}}
[info] 
[info] ✔  Success! Logged into GitHub as kferacho3 
[info] 
